<?xml version="1.0" encoding="UTF-8"?>
<testng-results skipped="0" failed="0" ignored="0" total="1" passed="1">
  <reporter-output>
  </reporter-output>
  <suite name="Default suite" duration-ms="2804" started-at="2022-01-21T18:22:23 IST" finished-at="2022-01-21T18:22:26 IST">
    <groups>
    </groups>
    <test name="Default test" duration-ms="2804" started-at="2022-01-21T18:22:23 IST" finished-at="2022-01-21T18:22:26 IST">
      <class name="docker.DockerWithChrome">
        <test-method status="PASS" signature="testBrowser()[pri:0, instance:docker.DockerWithChrome@2833cc44]" name="testBrowser" duration-ms="2778" started-at="2022-01-21T18:22:23 IST" finished-at="2022-01-21T18:22:26 IST">
          <reporter-output>
          </reporter-output>
        </test-method> <!-- testBrowser -->
      </class> <!-- docker.DockerWithChrome -->
    </test> <!-- Default test -->
  </suite> <!-- Default suite -->
</testng-results>
