<?xml version="1.0" encoding="UTF-8"?>
<testng-results skipped="0" failed="0" ignored="0" total="1" passed="1">
  <reporter-output>
  </reporter-output>
  <suite name="Suite" duration-ms="6652" started-at="2022-01-21T13:44:20 IST" finished-at="2022-01-21T13:44:26 IST">
    <groups>
    </groups>
    <test name="Test" duration-ms="6652" started-at="2022-01-21T13:44:20 IST" finished-at="2022-01-21T13:44:26 IST">
      <class name="docker.DockerWithChrome">
        <test-method status="PASS" signature="testBrowser()[pri:0, instance:docker.DockerWithChrome@76d6081e]" name="testBrowser" duration-ms="6624" started-at="2022-01-21T13:44:20 IST" finished-at="2022-01-21T13:44:26 IST">
          <reporter-output>
          </reporter-output>
        </test-method> <!-- testBrowser -->
      </class> <!-- docker.DockerWithChrome -->
    </test> <!-- Test -->
  </suite> <!-- Suite -->
</testng-results>
